<?xml version="1.0" encoding="UTF-8"?>
<!-- Generated by org.testng.reporters.JUnitReportReporter -->
<testsuite skipped="0" hostname="LAPTOP-UJ64DTUR" name="p1.ClassA" tests="3" failures="0" timestamp="2023-01-10T10:41:30 IST" time="0.000" errors="0">
  <testcase name="tc003" time="0.000" classname="p1.ClassA"/>
  <system-out>
    <![CDATA[tc003 executed]]>
  </system-out>
  <testcase name="tc001" time="0.000" classname="p1.ClassA"/>
  <system-out>
    <![CDATA[tc001 executed]]>
  </system-out>
  <testcase name="tc002" time="0.000" classname="p1.ClassA"/>
  <system-out>
    <![CDATA[tc002 executed]]>
  </system-out>
</testsuite> <!-- p1.ClassA -->
