<?xml version="1.0" encoding="UTF-8"?>
<!-- Generated by org.testng.reporters.JUnitReportReporter -->
<testsuite skipped="0" hostname="LAPTOP-UJ64DTUR" name="p2.ClassB" tests="3" failures="0" timestamp="2023-01-10T10:41:30 IST" time="0.000" errors="0">
  <testcase name="tc004" time="0.000" classname="p2.ClassB"/>
  <system-out>
    <![CDATA[tc004 executed]]>
  </system-out>
  <testcase name="tc006" time="0.000" classname="p2.ClassB"/>
  <system-out>
    <![CDATA[tc006 executed]]>
  </system-out>
  <testcase name="tc005" time="0.000" classname="p2.ClassB"/>
  <system-out>
    <![CDATA[tc005 executed]]>
  </system-out>
</testsuite> <!-- p2.ClassB -->
